<?xml version="1.0" encoding="UTF-8"?>
<!-- Generated by org.testng.reporters.JUnitReportReporter -->
<testsuite hostname="147dda8202cd.ant.amazon.com" failures="0" tests="1" name="com.task.automation.test.SignIn" time="55.209" errors="0" timestamp="09 Apr 2022 14:34:24 GMT" skipped="0">
  <testcase classname="com.task.automation.test.SignIn" name="verifyCreateNewUserWithValid" time="55.209"/>
</testsuite> <!-- com.task.automation.test.SignIn -->
