<?xml version="1.0" encoding="UTF-8"?>
<testsuite xmlns:xsi="http://www.w3.org/2001/XMLSchema-instance" xsi:noNamespaceSchemaLocation="https://maven.apache.org/surefire/maven-surefire-plugin/xsd/surefire-test-report.xsd" name="TestSuite" time="59.725" tests="1" errors="0" skipped="0" failures="0">
  <properties>
    <property name="gopherProxySet" value="false"/>
    <property name="awt.toolkit" value="sun.lwawt.macosx.LWCToolkit"/>
    <property name="java.specification.version" value="11"/>
    <property name="sun.cpu.isalist" value=""/>
    <property name="sun.jnu.encoding" value="UTF-8"/>
    <property name="java.class.path" value="/Users/sishukla/Downloads/Task/target/test-classes:/Users/sishukla/Downloads/Task/target/classes:/Users/sishukla/.m2/repository/commons-io/commons-io/2.6/commons-io-2.6.jar:/Users/sishukla/.m2/repository/com/googlecode/json-simple/json-simple/1.1.1/json-simple-1.1.1.jar:/Users/sishukla/.m2/repository/org/json/json/20180813/json-20180813.jar:/Users/sishukla/.m2/repository/com/google/code/gson/gson/2.8.5/gson-2.8.5.jar:/Users/sishukla/.m2/repository/com/jayway/jsonpath/json-path/2.4.0/json-path-2.4.0.jar:/Users/sishukla/.m2/repository/org/slf4j/slf4j-api/1.7.25/slf4j-api-1.7.25.jar:/Users/sishukla/.m2/repository/net/minidev/json-smart/2.3/json-smart-2.3.jar:/Users/sishukla/.m2/repository/net/minidev/accessors-smart/1.2/accessors-smart-1.2.jar:/Users/sishukla/.m2/repository/org/ow2/asm/asm/5.0.4/asm-5.0.4.jar:/Users/sishukla/.m2/repository/junit/junit/3.8.1/junit-3.8.1.jar:/Users/sishukla/.m2/repository/org/seleniumhq/selenium/selenium-java/3.14.0/selenium-java-3.14.0.jar:/Users/sishukla/.m2/repository/org/seleniumhq/selenium/selenium-api/3.14.0/selenium-api-3.14.0.jar:/Users/sishukla/.m2/repository/org/seleniumhq/selenium/selenium-chrome-driver/3.14.0/selenium-chrome-driver-3.14.0.jar:/Users/sishukla/.m2/repository/org/seleniumhq/selenium/selenium-edge-driver/3.14.0/selenium-edge-driver-3.14.0.jar:/Users/sishukla/.m2/repository/org/seleniumhq/selenium/selenium-firefox-driver/3.14.0/selenium-firefox-driver-3.14.0.jar:/Users/sishukla/.m2/repository/org/seleniumhq/selenium/selenium-ie-driver/3.14.0/selenium-ie-driver-3.14.0.jar:/Users/sishukla/.m2/repository/org/seleniumhq/selenium/selenium-opera-driver/3.14.0/selenium-opera-driver-3.14.0.jar:/Users/sishukla/.m2/repository/org/seleniumhq/selenium/selenium-remote-driver/3.14.0/selenium-remote-driver-3.14.0.jar:/Users/sishukla/.m2/repository/org/seleniumhq/selenium/selenium-safari-driver/3.14.0/selenium-safari-driver-3.14.0.jar:/Users/sishukla/.m2/repository/org/seleniumhq/selenium/selenium-support/3.14.0/selenium-support-3.14.0.jar:/Users/sishukla/.m2/repository/net/bytebuddy/byte-buddy/1.8.15/byte-buddy-1.8.15.jar:/Users/sishukla/.m2/repository/org/apache/commons/commons-exec/1.3/commons-exec-1.3.jar:/Users/sishukla/.m2/repository/commons-codec/commons-codec/1.10/commons-codec-1.10.jar:/Users/sishukla/.m2/repository/commons-logging/commons-logging/1.2/commons-logging-1.2.jar:/Users/sishukla/.m2/repository/com/google/guava/guava/25.0-jre/guava-25.0-jre.jar:/Users/sishukla/.m2/repository/com/google/code/findbugs/jsr305/1.3.9/jsr305-1.3.9.jar:/Users/sishukla/.m2/repository/org/checkerframework/checker-compat-qual/2.0.0/checker-compat-qual-2.0.0.jar:/Users/sishukla/.m2/repository/com/google/errorprone/error_prone_annotations/2.1.3/error_prone_annotations-2.1.3.jar:/Users/sishukla/.m2/repository/com/google/j2objc/j2objc-annotations/1.1/j2objc-annotations-1.1.jar:/Users/sishukla/.m2/repository/org/codehaus/mojo/animal-sniffer-annotations/1.14/animal-sniffer-annotations-1.14.jar:/Users/sishukla/.m2/repository/org/apache/httpcomponents/httpclient/4.5.5/httpclient-4.5.5.jar:/Users/sishukla/.m2/repository/org/apache/httpcomponents/httpcore/4.4.9/httpcore-4.4.9.jar:/Users/sishukla/.m2/repository/com/squareup/okhttp3/okhttp/3.10.0/okhttp-3.10.0.jar:/Users/sishukla/.m2/repository/com/squareup/okio/okio/1.14.1/okio-1.14.1.jar:/Users/sishukla/.m2/repository/org/testng/testng/6.14.3/testng-6.14.3.jar:/Users/sishukla/.m2/repository/com/beust/jcommander/1.72/jcommander-1.72.jar:/Users/sishukla/.m2/repository/org/apache-extras/beanshell/bsh/2.0b6/bsh-2.0b6.jar:/Users/sishukla/.m2/repository/org/uncommons/reportng/1.1.4/reportng-1.1.4.jar:/Users/sishukla/.m2/repository/velocity/velocity/1.4/velocity-1.4.jar:/Users/sishukla/.m2/repository/com/google/inject/guice/3.0/guice-3.0.jar:/Users/sishukla/.m2/repository/javax/inject/javax.inject/1/javax.inject-1.jar:/Users/sishukla/.m2/repository/aopalliance/aopalliance/1.0/aopalliance-1.0.jar:/Users/sishukla/.m2/repository/velocity/velocity-dep/1.4/velocity-dep-1.4.jar:/Users/sishukla/.m2/repository/org/apache/logging/log4j/log4j-api/2.11.2/log4j-api-2.11.2.jar:/Users/sishukla/.m2/repository/org/apache/logging/log4j/log4j-core/2.11.2/log4j-core-2.11.2.jar:/Users/sishukla/.m2/repository/org/awaitility/awaitility/3.0.0/awaitility-3.0.0.jar:/Users/sishukla/.m2/repository/org/hamcrest/hamcrest-library/1.3/hamcrest-library-1.3.jar:/Users/sishukla/.m2/repository/org/hamcrest/hamcrest-core/1.3/hamcrest-core-1.3.jar:/Users/sishukla/.m2/repository/org/objenesis/objenesis/2.5.1/objenesis-2.5.1.jar:/Users/sishukla/.m2/repository/org/awaitility/awaitility-proxy/3.0.0/awaitility-proxy-3.0.0.jar:/Users/sishukla/.m2/repository/org/assertj/assertj-core/3.9.1/assertj-core-3.9.1.jar:/Users/sishukla/.m2/repository/info/cukes/cucumber-java/1.2.5/cucumber-java-1.2.5.jar:/Users/sishukla/.m2/repository/info/cukes/cucumber-core/1.2.5/cucumber-core-1.2.5.jar:/Users/sishukla/.m2/repository/info/cukes/cucumber-html/0.2.3/cucumber-html-0.2.3.jar:/Users/sishukla/.m2/repository/info/cukes/cucumber-jvm-deps/1.0.5/cucumber-jvm-deps-1.0.5.jar:/Users/sishukla/.m2/repository/info/cukes/gherkin/2.12.2/gherkin-2.12.2.jar:/Users/sishukla/.m2/repository/info/cukes/cucumber-testng/1.2.5/cucumber-testng-1.2.5.jar:/Users/sishukla/.m2/repository/com/relevantcodes/extentreports/2.41.2/extentreports-2.41.2.jar:/Users/sishukla/.m2/repository/org/jsoup/jsoup/1.8.3/jsoup-1.8.3.jar:/Users/sishukla/.m2/repository/org/xerial/sqlite-jdbc/3.8.11.1/sqlite-jdbc-3.8.11.1.jar:/Users/sishukla/.m2/repository/org/freemarker/freemarker/2.3.23/freemarker-2.3.23.jar:/Users/sishukla/.m2/repository/org/mongodb/mongodb-driver/3.0.4/mongodb-driver-3.0.4.jar:/Users/sishukla/.m2/repository/org/mongodb/bson/3.0.4/bson-3.0.4.jar:/Users/sishukla/.m2/repository/org/mongodb/mongodb-driver-core/3.0.4/mongodb-driver-core-3.0.4.jar:/Users/sishukla/.m2/repository/com/sun/mail/javax.mail/1.6.0/javax.mail-1.6.0.jar:/Users/sishukla/.m2/repository/javax/activation/activation/1.1/activation-1.1.jar:"/>
    <property name="java.vm.vendor" value="Oracle Corporation"/>
    <property name="sun.arch.data.model" value="64"/>
    <property name="java.vendor.url" value="https://openjdk.java.net/"/>
    <property name="user.timezone" value=""/>
    <property name="java.vm.specification.version" value="11"/>
    <property name="os.name" value="Mac OS X"/>
    <property name="sun.java.launcher" value="SUN_STANDARD"/>
    <property name="user.country" value="GB"/>
    <property name="sun.boot.library.path" value="/Library/Java/JavaVirtualMachines/jdk-11.0.10.jdk/Contents/Home/lib"/>
    <property name="sun.java.command" value="/Users/sishukla/Downloads/Task/target/surefire/surefirebooter14981342572833676945.jar /Users/sishukla/Downloads/Task/target/surefire 2022-04-09T20-03-24_145-jvmRun1 surefire14997798419494522851tmp surefire_017933640220878567791tmp"/>
    <property name="jdk.debug" value="release"/>
    <property name="surefire.test.class.path" value="/Users/sishukla/Downloads/Task/target/test-classes:/Users/sishukla/Downloads/Task/target/classes:/Users/sishukla/.m2/repository/commons-io/commons-io/2.6/commons-io-2.6.jar:/Users/sishukla/.m2/repository/com/googlecode/json-simple/json-simple/1.1.1/json-simple-1.1.1.jar:/Users/sishukla/.m2/repository/org/json/json/20180813/json-20180813.jar:/Users/sishukla/.m2/repository/com/google/code/gson/gson/2.8.5/gson-2.8.5.jar:/Users/sishukla/.m2/repository/com/jayway/jsonpath/json-path/2.4.0/json-path-2.4.0.jar:/Users/sishukla/.m2/repository/org/slf4j/slf4j-api/1.7.25/slf4j-api-1.7.25.jar:/Users/sishukla/.m2/repository/net/minidev/json-smart/2.3/json-smart-2.3.jar:/Users/sishukla/.m2/repository/net/minidev/accessors-smart/1.2/accessors-smart-1.2.jar:/Users/sishukla/.m2/repository/org/ow2/asm/asm/5.0.4/asm-5.0.4.jar:/Users/sishukla/.m2/repository/junit/junit/3.8.1/junit-3.8.1.jar:/Users/sishukla/.m2/repository/org/seleniumhq/selenium/selenium-java/3.14.0/selenium-java-3.14.0.jar:/Users/sishukla/.m2/repository/org/seleniumhq/selenium/selenium-api/3.14.0/selenium-api-3.14.0.jar:/Users/sishukla/.m2/repository/org/seleniumhq/selenium/selenium-chrome-driver/3.14.0/selenium-chrome-driver-3.14.0.jar:/Users/sishukla/.m2/repository/org/seleniumhq/selenium/selenium-edge-driver/3.14.0/selenium-edge-driver-3.14.0.jar:/Users/sishukla/.m2/repository/org/seleniumhq/selenium/selenium-firefox-driver/3.14.0/selenium-firefox-driver-3.14.0.jar:/Users/sishukla/.m2/repository/org/seleniumhq/selenium/selenium-ie-driver/3.14.0/selenium-ie-driver-3.14.0.jar:/Users/sishukla/.m2/repository/org/seleniumhq/selenium/selenium-opera-driver/3.14.0/selenium-opera-driver-3.14.0.jar:/Users/sishukla/.m2/repository/org/seleniumhq/selenium/selenium-remote-driver/3.14.0/selenium-remote-driver-3.14.0.jar:/Users/sishukla/.m2/repository/org/seleniumhq/selenium/selenium-safari-driver/3.14.0/selenium-safari-driver-3.14.0.jar:/Users/sishukla/.m2/repository/org/seleniumhq/selenium/selenium-support/3.14.0/selenium-support-3.14.0.jar:/Users/sishukla/.m2/repository/net/bytebuddy/byte-buddy/1.8.15/byte-buddy-1.8.15.jar:/Users/sishukla/.m2/repository/org/apache/commons/commons-exec/1.3/commons-exec-1.3.jar:/Users/sishukla/.m2/repository/commons-codec/commons-codec/1.10/commons-codec-1.10.jar:/Users/sishukla/.m2/repository/commons-logging/commons-logging/1.2/commons-logging-1.2.jar:/Users/sishukla/.m2/repository/com/google/guava/guava/25.0-jre/guava-25.0-jre.jar:/Users/sishukla/.m2/repository/com/google/code/findbugs/jsr305/1.3.9/jsr305-1.3.9.jar:/Users/sishukla/.m2/repository/org/checkerframework/checker-compat-qual/2.0.0/checker-compat-qual-2.0.0.jar:/Users/sishukla/.m2/repository/com/google/errorprone/error_prone_annotations/2.1.3/error_prone_annotations-2.1.3.jar:/Users/sishukla/.m2/repository/com/google/j2objc/j2objc-annotations/1.1/j2objc-annotations-1.1.jar:/Users/sishukla/.m2/repository/org/codehaus/mojo/animal-sniffer-annotations/1.14/animal-sniffer-annotations-1.14.jar:/Users/sishukla/.m2/repository/org/apache/httpcomponents/httpclient/4.5.5/httpclient-4.5.5.jar:/Users/sishukla/.m2/repository/org/apache/httpcomponents/httpcore/4.4.9/httpcore-4.4.9.jar:/Users/sishukla/.m2/repository/com/squareup/okhttp3/okhttp/3.10.0/okhttp-3.10.0.jar:/Users/sishukla/.m2/repository/com/squareup/okio/okio/1.14.1/okio-1.14.1.jar:/Users/sishukla/.m2/repository/org/testng/testng/6.14.3/testng-6.14.3.jar:/Users/sishukla/.m2/repository/com/beust/jcommander/1.72/jcommander-1.72.jar:/Users/sishukla/.m2/repository/org/apache-extras/beanshell/bsh/2.0b6/bsh-2.0b6.jar:/Users/sishukla/.m2/repository/org/uncommons/reportng/1.1.4/reportng-1.1.4.jar:/Users/sishukla/.m2/repository/velocity/velocity/1.4/velocity-1.4.jar:/Users/sishukla/.m2/repository/com/google/inject/guice/3.0/guice-3.0.jar:/Users/sishukla/.m2/repository/javax/inject/javax.inject/1/javax.inject-1.jar:/Users/sishukla/.m2/repository/aopalliance/aopalliance/1.0/aopalliance-1.0.jar:/Users/sishukla/.m2/repository/velocity/velocity-dep/1.4/velocity-dep-1.4.jar:/Users/sishukla/.m2/repository/org/apache/logging/log4j/log4j-api/2.11.2/log4j-api-2.11.2.jar:/Users/sishukla/.m2/repository/org/apache/logging/log4j/log4j-core/2.11.2/log4j-core-2.11.2.jar:/Users/sishukla/.m2/repository/org/awaitility/awaitility/3.0.0/awaitility-3.0.0.jar:/Users/sishukla/.m2/repository/org/hamcrest/hamcrest-library/1.3/hamcrest-library-1.3.jar:/Users/sishukla/.m2/repository/org/hamcrest/hamcrest-core/1.3/hamcrest-core-1.3.jar:/Users/sishukla/.m2/repository/org/objenesis/objenesis/2.5.1/objenesis-2.5.1.jar:/Users/sishukla/.m2/repository/org/awaitility/awaitility-proxy/3.0.0/awaitility-proxy-3.0.0.jar:/Users/sishukla/.m2/repository/org/assertj/assertj-core/3.9.1/assertj-core-3.9.1.jar:/Users/sishukla/.m2/repository/info/cukes/cucumber-java/1.2.5/cucumber-java-1.2.5.jar:/Users/sishukla/.m2/repository/info/cukes/cucumber-core/1.2.5/cucumber-core-1.2.5.jar:/Users/sishukla/.m2/repository/info/cukes/cucumber-html/0.2.3/cucumber-html-0.2.3.jar:/Users/sishukla/.m2/repository/info/cukes/cucumber-jvm-deps/1.0.5/cucumber-jvm-deps-1.0.5.jar:/Users/sishukla/.m2/repository/info/cukes/gherkin/2.12.2/gherkin-2.12.2.jar:/Users/sishukla/.m2/repository/info/cukes/cucumber-testng/1.2.5/cucumber-testng-1.2.5.jar:/Users/sishukla/.m2/repository/com/relevantcodes/extentreports/2.41.2/extentreports-2.41.2.jar:/Users/sishukla/.m2/repository/org/jsoup/jsoup/1.8.3/jsoup-1.8.3.jar:/Users/sishukla/.m2/repository/org/xerial/sqlite-jdbc/3.8.11.1/sqlite-jdbc-3.8.11.1.jar:/Users/sishukla/.m2/repository/org/freemarker/freemarker/2.3.23/freemarker-2.3.23.jar:/Users/sishukla/.m2/repository/org/mongodb/mongodb-driver/3.0.4/mongodb-driver-3.0.4.jar:/Users/sishukla/.m2/repository/org/mongodb/bson/3.0.4/bson-3.0.4.jar:/Users/sishukla/.m2/repository/org/mongodb/mongodb-driver-core/3.0.4/mongodb-driver-core-3.0.4.jar:/Users/sishukla/.m2/repository/com/sun/mail/javax.mail/1.6.0/javax.mail-1.6.0.jar:/Users/sishukla/.m2/repository/javax/activation/activation/1.1/activation-1.1.jar:"/>
    <property name="sun.cpu.endian" value="little"/>
    <property name="user.home" value="/Users/sishukla"/>
    <property name="user.language" value="en"/>
    <property name="java.specification.vendor" value="Oracle Corporation"/>
    <property name="java.version.date" value="2021-01-19"/>
    <property name="java.home" value="/Library/Java/JavaVirtualMachines/jdk-11.0.10.jdk/Contents/Home"/>
    <property name="file.separator" value="/"/>
    <property name="basedir" value="/Users/sishukla/Downloads/Task"/>
    <property name="java.vm.compressedOopsMode" value="Zero based"/>
    <property name="line.separator" value="&#10;"/>
    <property name="java.specification.name" value="Java Platform API Specification"/>
    <property name="java.vm.specification.vendor" value="Oracle Corporation"/>
    <property name="java.awt.graphicsenv" value="sun.awt.CGraphicsEnvironment"/>
    <property name="surefire.real.class.path" value="/Users/sishukla/Downloads/Task/target/surefire/surefirebooter14981342572833676945.jar"/>
    <property name="sun.management.compiler" value="HotSpot 64-Bit Tiered Compilers"/>
    <property name="java.runtime.version" value="11.0.10+8-LTS-162"/>
    <property name="user.name" value="sishukla"/>
    <property name="path.separator" value=":"/>
    <property name="os.version" value="10.15.7"/>
    <property name="java.runtime.name" value="Java(TM) SE Runtime Environment"/>
    <property name="file.encoding" value="UTF-8"/>
    <property name="java.vm.name" value="Java HotSpot(TM) 64-Bit Server VM"/>
    <property name="java.vendor.version" value="18.9"/>
    <property name="localRepository" value="/Users/sishukla/.m2/repository"/>
    <property name="java.vendor.url.bug" value="https://bugreport.java.com/bugreport/"/>
    <property name="java.io.tmpdir" value="/var/folders/gn/zj5hnb7s5_b1k70th6qqntfm0000gr/T/"/>
    <property name="java.version" value="11.0.10"/>
    <property name="user.dir" value="/Users/sishukla/Downloads/Task"/>
    <property name="os.arch" value="x86_64"/>
    <property name="java.vm.specification.name" value="Java Virtual Machine Specification"/>
    <property name="java.awt.printerjob" value="sun.lwawt.macosx.CPrinterJob"/>
    <property name="sun.os.patch.level" value="unknown"/>
    <property name="java.library.path" value="/Users/sishukla/Library/Java/Extensions:/Library/Java/Extensions:/Network/Library/Java/Extensions:/System/Library/Java/Extensions:/usr/lib/java:."/>
    <property name="java.vendor" value="Oracle Corporation"/>
    <property name="java.vm.info" value="mixed mode"/>
    <property name="java.vm.version" value="11.0.10+8-LTS-162"/>
    <property name="sun.io.unicode.encoding" value="UnicodeBig"/>
    <property name="java.class.version" value="55.0"/>
  </properties>
  <testcase name="verifyCreateNewUserWithValid" classname="com.task.automation.test.SignIn" time="44.506"/>
</testsuite>